#
# There is insufficient memory for the Java Runtime Environment to continue.
# Native memory allocation (malloc) failed to allocate 1566576 bytes. Error detail: Chunk::new
# Possible reasons:
#   The system is out of physical RAM or swap space
#   This process is running with CompressedOops enabled, and the Java Heap may be blocking the growth of the native heap
# Possible solutions:
#   Reduce memory load on the system
#   Increase physical memory or swap space
#   Check if swap backing store is full
#   Decrease Java heap size (-Xmx/-Xms)
#   Decrease number of Java threads
#   Decrease Java thread stack sizes (-Xss)
#   Set larger code cache with -XX:ReservedCodeCacheSize=
#   JVM is running with Unscaled Compressed Oops mode in which the Java heap is
#     placed in the first 4GB address space. The Java Heap base address is the
#     maximum limit for the native heap growth. Please use -XX:HeapBaseMinAddress
#     to set the Java Heap base and to place the Java Heap above 4GB virtual address.
# This output file may be truncated or incomplete.
#
#  Out of Memory Error (arena.cpp:168), pid=15456, tid=11008
#
# JRE version: OpenJDK Runtime Environment Temurin-21.0.8+9 (21.0.8+9) (build 21.0.8+9-LTS)
# Java VM: OpenJDK 64-Bit Server VM Temurin-21.0.8+9 (21.0.8+9-LTS, mixed mode, sharing, tiered, compressed oops, compressed class ptrs, parallel gc, windows-amd64)
# No core dump will be written. Minidumps are not enabled by default on client versions of Windows
#

---------------  S U M M A R Y ------------

Command Line: --add-modules=ALL-SYSTEM --add-opens=java.base/java.util=ALL-UNNAMED --add-opens=java.base/java.lang=ALL-UNNAMED --add-opens=java.base/sun.nio.fs=ALL-UNNAMED -Declipse.application=org.eclipse.jdt.ls.core.id1 -Dosgi.bundles.defaultStartLevel=4 -Declipse.product=org.eclipse.jdt.ls.core.product -Djava.import.generatesMetadataFilesAtProjectRoot=false -DDetectVMInstallationsJob.disabled=true -Dfile.encoding=utf8 -XX:+UseParallelGC -XX:GCTimeRatio=4 -XX:AdaptiveSizePolicyWeight=90 -Dsun.zip.disableMemoryMapping=true -Xmx2G -Xms100m -Xlog:disable -javaagent:c:\Users\MyBook Hype AMD\.vscode\extensions\redhat.java-1.46.0-win32-x64\lombok\lombok-1.18.39-4050.jar -XX:+HeapDumpOnOutOfMemoryError -XX:HeapDumpPath=c:\Users\MyBook Hype AMD\AppData\Roaming\Code\User\workspaceStorage\643c3401141dc10bab918bdb0f370c65\redhat.java -Daether.dependencyCollector.impl=bf c:\Users\MyBook Hype AMD\.vscode\extensions\redhat.java-1.46.0-win32-x64\server\plugins\org.eclipse.equinox.launcher_1.7.0.v20250519-0528.jar -configuration c:\Users\MyBook Hype AMD\AppData\Roaming\Code\User\globalStorage\redhat.java\1.46.0\config_win -data c:\Users\MyBook Hype AMD\AppData\Roaming\Code\User\workspaceStorage\643c3401141dc10bab918bdb0f370c65\redhat.java\jdt_ws --pipe=\\.\pipe\lsp-152c54e4228dace0242babca73c790a7-sock

Host: AMD Ryzen 5 5500U with Radeon Graphics         , 12 cores, 7G,  Windows 11 , 64 bit Build 26100 (10.0.26100.6725)
Time: Tue Oct  7 23:27:57 2025 SE Asia Standard Time elapsed time: 1390.610697 seconds (0d 0h 23m 10s)

---------------  T H R E A D  ---------------

Current thread (0x000001b87f3dbe10):  JavaThread "C2 CompilerThread1" daemon [_thread_in_native, id=11008, stack(0x0000008a42200000,0x0000008a42300000) (1024K)]


Current CompileTask:
C2:1390610 14756       4       java.lang.reflect.Field::get (39 bytes)

Stack: [0x0000008a42200000,0x0000008a42300000]
Native frames: (J=compiled Java code, j=interpreted, Vv=VM code, C=native code)
V  [jvm.dll+0x6d2449]
V  [jvm.dll+0x8ae341]
V  [jvm.dll+0x8b08be]
V  [jvm.dll+0x8b0fa3]
V  [jvm.dll+0x280c96]
V  [jvm.dll+0xc581d]
V  [jvm.dll+0xc5d53]
V  [jvm.dll+0x3b9162]
V  [jvm.dll+0x385315]
V  [jvm.dll+0x38477a]
V  [jvm.dll+0x248ed0]
V  [jvm.dll+0x2484af]
V  [jvm.dll+0x1c89ee]
V  [jvm.dll+0x257d4d]
V  [jvm.dll+0x2562ea]
V  [jvm.dll+0x3f2d16]
V  [jvm.dll+0x857e6b]
V  [jvm.dll+0x6d0b0d]
C  [ucrtbase.dll+0x37b0]
C  [KERNEL32.DLL+0x2e8d7]
C  [ntdll.dll+0x8c53c]


---------------  P R O C E S S  ---------------

Threads class SMR info:
_java_thread_list=0x000001b87f3efb30, length=52, elements={
0x000001b87338c640, 0x000001b87cad7b00, 0x000001b87ead1c00, 0x000001b87ead6630,
0x000001b87ead94f0, 0x000001b87cadc080, 0x000001b87eadf460, 0x000001b87eb01460,
0x000001b87eb06190, 0x000001b8733fbfc0, 0x000001b87eeadb20, 0x000001b87f62c3b0,
0x000001b87f62bd20, 0x000001b87f62d0d0, 0x000001b87f62b690, 0x000001b87f62ddf0,
0x000001b87f62e480, 0x000001b87f62eb10, 0x000001b85426a6e0, 0x000001b8542699c0,
0x000001b854269330, 0x000001b85426e880, 0x000001b85426e1f0, 0x000001b85426ef10,
0x000001b854270950, 0x000001b85426fc30, 0x000001b85426f5a0, 0x000001b85426d4d0,
0x000001b85426db60, 0x000001b854ecba00, 0x000001b854ecc090, 0x000001b854ecc720,
0x000001b854eccdb0, 0x000001b854ecd440, 0x000001b854ecdad0, 0x000001b854eca650,
0x000001b854ece160, 0x000001b855457f50, 0x000001b855940f90, 0x000001b85593eec0,
0x000001b85593e1a0, 0x000001b855941620, 0x000001b855941cb0, 0x000001b85593e830,
0x000001b855940270, 0x000001b855940900, 0x000001b8559429d0, 0x000001b85593f550,
0x000001b855943060, 0x000001b855943d80, 0x000001b87f3dbe10, 0x000001b87f3dc4e0
}

Java Threads: ( => current thread )
  0x000001b87338c640 JavaThread "main"                              [_thread_blocked, id=12228, stack(0x0000008a3ea00000,0x0000008a3eb00000) (1024K)]
  0x000001b87cad7b00 JavaThread "Reference Handler"          daemon [_thread_blocked, id=21004, stack(0x0000008a3ee00000,0x0000008a3ef00000) (1024K)]
  0x000001b87ead1c00 JavaThread "Finalizer"                  daemon [_thread_blocked, id=21116, stack(0x0000008a3ef00000,0x0000008a3f000000) (1024K)]
  0x000001b87ead6630 JavaThread "Signal Dispatcher"          daemon [_thread_blocked, id=23488, stack(0x0000008a3f000000,0x0000008a3f100000) (1024K)]
  0x000001b87ead94f0 JavaThread "Attach Listener"            daemon [_thread_blocked, id=20288, stack(0x0000008a3f100000,0x0000008a3f200000) (1024K)]
  0x000001b87cadc080 JavaThread "Service Thread"             daemon [_thread_blocked, id=9108, stack(0x0000008a3f200000,0x0000008a3f300000) (1024K)]
  0x000001b87eadf460 JavaThread "Monitor Deflation Thread"   daemon [_thread_blocked, id=15988, stack(0x0000008a3f300000,0x0000008a3f400000) (1024K)]
  0x000001b87eb01460 JavaThread "C2 CompilerThread0"         daemon [_thread_blocked, id=15272, stack(0x0000008a3f400000,0x0000008a3f500000) (1024K)]
  0x000001b87eb06190 JavaThread "C1 CompilerThread0"         daemon [_thread_blocked, id=8, stack(0x0000008a3f500000,0x0000008a3f600000) (1024K)]
  0x000001b8733fbfc0 JavaThread "Common-Cleaner"             daemon [_thread_blocked, id=22356, stack(0x0000008a3f600000,0x0000008a3f700000) (1024K)]
  0x000001b87eeadb20 JavaThread "Notification Thread"        daemon [_thread_blocked, id=17916, stack(0x0000008a3f800000,0x0000008a3f900000) (1024K)]
  0x000001b87f62c3b0 JavaThread "Active Thread: Equinox Container: ffe07352-40ca-4b6f-b9d7-68dd53a3fc39"        [_thread_blocked, id=6248, stack(0x0000008a3ff00000,0x0000008a40000000) (1024K)]
  0x000001b87f62bd20 JavaThread "Refresh Thread: Equinox Container: ffe07352-40ca-4b6f-b9d7-68dd53a3fc39" daemon [_thread_blocked, id=6204, stack(0x0000008a40100000,0x0000008a40200000) (1024K)]
  0x000001b87f62d0d0 JavaThread "Framework Event Dispatcher: Equinox Container: ffe07352-40ca-4b6f-b9d7-68dd53a3fc39" daemon [_thread_blocked, id=9220, stack(0x0000008a40200000,0x0000008a40300000) (1024K)]
  0x000001b87f62b690 JavaThread "Start Level: Equinox Container: ffe07352-40ca-4b6f-b9d7-68dd53a3fc39" daemon [_thread_blocked, id=21260, stack(0x0000008a40300000,0x0000008a40400000) (1024K)]
  0x000001b87f62ddf0 JavaThread "Bundle File Closer"         daemon [_thread_blocked, id=15144, stack(0x0000008a40600000,0x0000008a40700000) (1024K)]
  0x000001b87f62e480 JavaThread "SCR Component Actor"        daemon [_thread_blocked, id=396, stack(0x0000008a40700000,0x0000008a40800000) (1024K)]
  0x000001b87f62eb10 JavaThread "Worker-JM"                         [_thread_blocked, id=1056, stack(0x0000008a40800000,0x0000008a40900000) (1024K)]
  0x000001b85426a6e0 JavaThread "Worker-1: Publish Diagnostics"        [_thread_blocked, id=14052, stack(0x0000008a40a00000,0x0000008a40b00000) (1024K)]
  0x000001b8542699c0 JavaThread "Java indexing"              daemon [_thread_blocked, id=3512, stack(0x0000008a40b00000,0x0000008a40c00000) (1024K)]
  0x000001b854269330 JavaThread "JNA Cleaner"                daemon [_thread_blocked, id=12672, stack(0x0000008a40e00000,0x0000008a40f00000) (1024K)]
  0x000001b85426e880 JavaThread "Thread-1"                   daemon [_thread_in_native, id=20896, stack(0x0000008a41400000,0x0000008a41500000) (1024K)]
  0x000001b85426e1f0 JavaThread "Thread-2"                   daemon [_thread_in_native, id=18928, stack(0x0000008a41500000,0x0000008a41600000) (1024K)]
  0x000001b85426ef10 JavaThread "Thread-3"                   daemon [_thread_in_native, id=23976, stack(0x0000008a41600000,0x0000008a41700000) (1024K)]
  0x000001b854270950 JavaThread "Thread-4"                   daemon [_thread_in_native, id=16388, stack(0x0000008a41700000,0x0000008a41800000) (1024K)]
  0x000001b85426fc30 JavaThread "Thread-5"                   daemon [_thread_in_native, id=8276, stack(0x0000008a41800000,0x0000008a41900000) (1024K)]
  0x000001b85426f5a0 JavaThread "Thread-6"                   daemon [_thread_in_native, id=14492, stack(0x0000008a41900000,0x0000008a41a00000) (1024K)]
  0x000001b85426d4d0 JavaThread "Thread-7"                   daemon [_thread_in_native, id=22824, stack(0x0000008a41a00000,0x0000008a41b00000) (1024K)]
  0x000001b85426db60 JavaThread "Thread-8"                   daemon [_thread_in_native, id=13000, stack(0x0000008a41b00000,0x0000008a41c00000) (1024K)]
  0x000001b854ecba00 JavaThread "Thread-9"                   daemon [_thread_in_native, id=19720, stack(0x0000008a41c00000,0x0000008a41d00000) (1024K)]
  0x000001b854ecc090 JavaThread "Thread-10"                  daemon [_thread_in_native, id=21068, stack(0x0000008a41d00000,0x0000008a41e00000) (1024K)]
  0x000001b854ecc720 JavaThread "Thread-11"                  daemon [_thread_in_native, id=5052, stack(0x0000008a41e00000,0x0000008a41f00000) (1024K)]
  0x000001b854eccdb0 JavaThread "Thread-12"                  daemon [_thread_in_native, id=24468, stack(0x0000008a41f00000,0x0000008a42000000) (1024K)]
  0x000001b854ecd440 JavaThread "Thread-13"                  daemon [_thread_blocked, id=15820, stack(0x0000008a42000000,0x0000008a42100000) (1024K)]
  0x000001b854ecdad0 JavaThread "pool-2-thread-1"                   [_thread_blocked, id=19596, stack(0x0000008a42100000,0x0000008a42200000) (1024K)]
  0x000001b854eca650 JavaThread "WorkspaceEventsHandler"            [_thread_blocked, id=20864, stack(0x0000008a42300000,0x0000008a42400000) (1024K)]
  0x000001b854ece160 JavaThread "pool-1-thread-1"                   [_thread_blocked, id=15344, stack(0x0000008a42400000,0x0000008a42500000) (1024K)]
  0x000001b855457f50 JavaThread "Worker-6"                          [_thread_blocked, id=12388, stack(0x0000008a43b00000,0x0000008a43c00000) (1024K)]
  0x000001b855940f90 JavaThread "Worker-7"                          [_thread_blocked, id=11680, stack(0x0000008a3e700000,0x0000008a3e800000) (1024K)]
  0x000001b85593eec0 JavaThread "ForkJoinPool.commonPool-worker-12" daemon [_thread_blocked, id=2020, stack(0x0000008a3e800000,0x0000008a3e900000) (1024K)]
  0x000001b85593e1a0 JavaThread "ForkJoinPool.commonPool-worker-13" daemon [_thread_blocked, id=9788, stack(0x0000008a3e900000,0x0000008a3ea00000) (1024K)]
  0x000001b855941620 JavaThread "ForkJoinPool.commonPool-worker-14" daemon [_thread_blocked, id=14512, stack(0x0000008a3f700000,0x0000008a3f800000) (1024K)]
  0x000001b855941cb0 JavaThread "ForkJoinPool.commonPool-worker-15" daemon [_thread_blocked, id=20980, stack(0x0000008a40900000,0x0000008a40a00000) (1024K)]
  0x000001b85593e830 JavaThread "ForkJoinPool.commonPool-worker-16" daemon [_thread_blocked, id=22836, stack(0x0000008a40c00000,0x0000008a40d00000) (1024K)]
  0x000001b855940270 JavaThread "ForkJoinPool.commonPool-worker-17" daemon [_thread_blocked, id=11872, stack(0x0000008a40d00000,0x0000008a40e00000) (1024K)]
  0x000001b855940900 JavaThread "ForkJoinPool.commonPool-worker-18" daemon [_thread_blocked, id=23176, stack(0x0000008a40f00000,0x0000008a41000000) (1024K)]
  0x000001b8559429d0 JavaThread "ForkJoinPool.commonPool-worker-19" daemon [_thread_blocked, id=16468, stack(0x0000008a41000000,0x0000008a41100000) (1024K)]
  0x000001b85593f550 JavaThread "ForkJoinPool.commonPool-worker-20" daemon [_thread_blocked, id=7108, stack(0x0000008a41100000,0x0000008a41200000) (1024K)]
  0x000001b855943060 JavaThread "Thread-14"                  daemon [_thread_in_vm, id=4172, stack(0x0000008a41200000,0x0000008a41300000) (1024K)]
  0x000001b855943d80 JavaThread "Worker-8"                          [_thread_blocked, id=13356, stack(0x0000008a41300000,0x0000008a41400000) (1024K)]
=>0x000001b87f3dbe10 JavaThread "C2 CompilerThread1"         daemon [_thread_in_native, id=11008, stack(0x0000008a42200000,0x0000008a42300000) (1024K)]
  0x000001b87f3dc4e0 JavaThread "C2 CompilerThread2"         daemon [_thread_blocked, id=22052, stack(0x0000008a42500000,0x0000008a42600000) (1024K)]
Total: 52

Other Threads:
  0x000001b87cac47d0 VMThread "VM Thread"                           [id=21144, stack(0x0000008a3ed00000,0x0000008a3ee00000) (1024K)] _threads_hazard_ptr=0x000001b87f3efb30
  0x000001b87c9bca10 WatcherThread "VM Periodic Task Thread"        [id=19252, stack(0x0000008a3ec00000,0x0000008a3ed00000) (1024K)]
  0x000001b8733ac080 WorkerThread "GC Thread#0"                     [id=24452, stack(0x0000008a3eb00000,0x0000008a3ec00000) (1024K)]
  0x000001b87f48b430 WorkerThread "GC Thread#1"                     [id=23240, stack(0x0000008a3f900000,0x0000008a3fa00000) (1024K)]
  0x000001b87f48c1f0 WorkerThread "GC Thread#2"                     [id=9424, stack(0x0000008a3fa00000,0x0000008a3fb00000) (1024K)]
  0x000001b87f4462e0 WorkerThread "GC Thread#3"                     [id=21532, stack(0x0000008a3fb00000,0x0000008a3fc00000) (1024K)]
  0x000001b87f446680 WorkerThread "GC Thread#4"                     [id=8880, stack(0x0000008a3fc00000,0x0000008a3fd00000) (1024K)]
  0x000001b87f446a20 WorkerThread "GC Thread#5"                     [id=20852, stack(0x0000008a3fd00000,0x0000008a3fe00000) (1024K)]
  0x000001b87f446dc0 WorkerThread "GC Thread#6"                     [id=21444, stack(0x0000008a3fe00000,0x0000008a3ff00000) (1024K)]
  0x000001b854048840 WorkerThread "GC Thread#7"                     [id=16408, stack(0x0000008a40000000,0x0000008a40100000) (1024K)]
  0x000001b854632e00 WorkerThread "GC Thread#8"                     [id=21096, stack(0x0000008a40400000,0x0000008a40500000) (1024K)]
  0x000001b87f560030 WorkerThread "GC Thread#9"                     [id=8180, stack(0x0000008a40500000,0x0000008a40600000) (1024K)]
Total: 12

Threads with active compile tasks:
C2 CompilerThread1  1390654 14756       4       java.lang.reflect.Field::get (39 bytes)
Total: 1

VM state: synchronizing (normal execution)

VM Mutex/Monitor currently owned by a thread:  ([mutex/lock_event])
[0x00007ffe08815458] Threads_lock - owner thread: 0x000001b87cac47d0
[0x00007ffe08815558] Heap_lock - owner thread: 0x000001b855943060
[0x00007ffe088159d8] PSOldGenExpand_lock - owner thread: 0x000001b855943060

Heap address: 0x0000000080000000, size: 2048 MB, Compressed Oops mode: 32-bit

CDS archive(s) mapped at: [0x000001b80f000000-0x000001b80fba0000-0x000001b80fba0000), size 12189696, SharedBaseAddress: 0x000001b80f000000, ArchiveRelocationMode: 1.
Compressed class space mapped at: 0x000001b810000000-0x000001b850000000, reserved size: 1073741824
Narrow klass base: 0x000001b80f000000, Narrow klass shift: 0, Narrow klass range: 0x100000000

GC Precious Log:
 CardTable entry size: 512
 CPUs: 12 total, 12 available
 Memory: 7560M
 Large Page Support: Disabled
 NUMA Support: Disabled
 Compressed Oops: Enabled (32-bit)
 Alignments: Space 512K, Generation 512K, Heap 2M
 Heap Min Capacity: 100M
 Heap Initial Capacity: 100M
 Heap Max Capacity: 2G
 Pre-touch: Disabled
 Parallel Workers: 10

Heap:
 PSYoungGen      total 3584K, used 3104K [0x00000000d5580000, 0x00000000d5a00000, 0x0000000100000000)
  eden space 2560K, 100% used [0x00000000d5580000,0x00000000d5800000,0x00000000d5800000)
  from space 1024K, 53% used [0x00000000d5800000,0x00000000d5888000,0x00000000d5900000)
  to   space 1024K, 0% used [0x00000000d5900000,0x00000000d5900000,0x00000000d5a00000)
 ParOldGen       total 761856K, used 761319K [0x0000000080000000, 0x00000000ae800000, 0x00000000d5580000)
  object space 761856K, 99% used [0x0000000080000000,0x00000000ae779f58,0x00000000ae800000)
 Metaspace       used 75156K, committed 76800K, reserved 1179648K
  class space    used 7950K, committed 8704K, reserved 1048576K

Card table byte_map: [0x000001b877e20000,0x000001b878230000] _byte_map_base: 0x000001b877a20000

Marking Bits: (ParMarkBitMap*) 0x00007ffe0881a340
 Begin Bits: [0x000001b8784e0000, 0x000001b87a4e0000)
 End Bits:   [0x000001b87a4e0000, 0x000001b87c4e0000)

Polling page: 0x000001b872ef0000

Metaspace:

Usage:
  Non-class:     65.63 MB used.
      Class:      7.76 MB used.
       Both:     73.39 MB used.

Virtual space:
  Non-class space:      128.00 MB reserved,      66.50 MB ( 52%) committed,  2 nodes.
      Class space:        1.00 GB reserved,       8.50 MB ( <1%) committed,  1 nodes.
             Both:        1.12 GB reserved,      75.00 MB (  7%) committed. 

Chunk freelists:
   Non-Class:  13.20 MB
       Class:  7.45 MB
        Both:  20.66 MB

MaxMetaspaceSize: unlimited
CompressedClassSpaceSize: 1.00 GB
Initial GC threshold: 21.00 MB
Current GC threshold: 119.69 MB
CDS: on
 - commit_granule_bytes: 65536.
 - commit_granule_words: 8192.
 - virtual_space_node_default_size: 8388608.
 - enlarge_chunks_in_place: 1.
 - use_allocation_guard: 0.


Internal statistics:

num_allocs_failed_limit: 9.
num_arena_births: 1440.
num_arena_deaths: 46.
num_vsnodes_births: 3.
num_vsnodes_deaths: 0.
num_space_committed: 1200.
num_space_uncommitted: 0.
num_chunks_returned_to_freelist: 67.
num_chunks_taken_from_freelist: 4933.
num_chunk_merges: 16.
num_chunk_splits: 2969.
num_chunks_enlarged: 1632.
num_inconsistent_stats: 0.

CodeHeap 'non-profiled nmethods': size=120000Kb used=10662Kb max_used=10662Kb free=109337Kb
 bounds [0x000001b807ad0000, 0x000001b808540000, 0x000001b80f000000]
CodeHeap 'profiled nmethods': size=120000Kb used=29300Kb max_used=30009Kb free=90699Kb
 bounds [0x000001b800000000, 0x000001b801d70000, 0x000001b807530000]
CodeHeap 'non-nmethods': size=5760Kb used=1491Kb max_used=1579Kb free=4268Kb
 bounds [0x000001b807530000, 0x000001b8077a0000, 0x000001b807ad0000]
CodeCache: size=245760Kb, used=41453Kb, max_used=42250Kb, free=204304Kb
 total_blobs=13838, nmethods=13024, adapters=718, full_count=0
Compilation: enabled, stopped_count=0, restarted_count=0

Compilation events (20 events):
Event: 1389.473 Thread 0x000001b87eb06190 14773       3       org.eclipse.jdt.internal.core.NameLookup$$Lambda/0x000001b810883010::apply (14 bytes)
Event: 1389.473 Thread 0x000001b87eb06190 nmethod 14773 0x000001b800a0c810 code [0x000001b800a0c9c0, 0x000001b800a0cca8]
Event: 1389.506 Thread 0x000001b87eb01460 nmethod 14766 0x000001b808530510 code [0x000001b808530760, 0x000001b8085318c0]
Event: 1389.506 Thread 0x000001b87eb01460 14772       4       java.util.ImmutableCollections$AbstractImmutableList::iterator (13 bytes)
Event: 1389.507 Thread 0x000001b87f3dc4e0 nmethod 14734 0x000001b808532390 code [0x000001b808532700, 0x000001b8085343a8]
Event: 1389.508 Thread 0x000001b87f3dc4e0 14771   !   4       java.util.ImmutableCollections$ListItr::next (34 bytes)
Event: 1389.508 Thread 0x000001b87eb01460 nmethod 14772 0x000001b808534690 code [0x000001b808534840, 0x000001b8085349d0]
Event: 1389.508 Thread 0x000001b87eb01460 14768       4       org.eclipse.jdt.internal.core.JavaElement::getElementInfo (27 bytes)
Event: 1389.509 Thread 0x000001b87f3dc4e0 nmethod 14771 0x000001b808534b10 code [0x000001b808534cc0, 0x000001b808534e58]
Event: 1389.510 Thread 0x000001b87f3dc4e0 14769       4       org.osgi.util.tracker.ServiceTracker::getService (33 bytes)
Event: 1389.510 Thread 0x000001b87f3dc4e0 nmethod 14769 0x000001b808535010 code [0x000001b8085351a0, 0x000001b808535250]
Event: 1389.510 Thread 0x000001b87f3dc4e0 14714       4       org.eclipse.osgi.internal.hooks.EclipseLazyStarter::preFindLocalClass (120 bytes)
Event: 1389.516 Thread 0x000001b87eb01460 nmethod 14768 0x000001b808535310 code [0x000001b808535520, 0x000001b808535c80]
Event: 1389.516 Thread 0x000001b87eb01460 14702       4       java.lang.invoke.MethodHandleNatives::refKindIsField (32 bytes)
Event: 1389.516 Thread 0x000001b87eb01460 nmethod 14702 0x000001b808536110 code [0x000001b808536280, 0x000001b8085362f0]
Event: 1389.516 Thread 0x000001b87eb01460 14767       4       org.eclipse.jdt.internal.core.util.Util::isJavaLikeFileName (18 bytes)
Event: 1389.525 Thread 0x000001b87eb01460 nmethod 14767 0x000001b808536410 code [0x000001b8085365e0, 0x000001b808536aa0]
Event: 1389.525 Thread 0x000001b87eb01460 14742   !   4       java.util.zip.Inflater::needsDictionary (19 bytes)
Event: 1389.526 Thread 0x000001b87eb01460 nmethod 14742 0x000001b808536f10 code [0x000001b8085370a0, 0x000001b8085372a0]
Event: 1389.544 Thread 0x000001b87f3dc4e0 nmethod 14714 0x000001b808537390 code [0x000001b8085376e0, 0x000001b808538a20]

GC Heap History (20 events):
Event: 334.970 GC heap before
{Heap before GC invocations=996 (full 4):
 PSYoungGen      total 3584K, used 2976K [0x00000000d5580000, 0x00000000d5a00000, 0x0000000100000000)
  eden space 2560K, 100% used [0x00000000d5580000,0x00000000d5800000,0x00000000d5800000)
  from space 1024K, 40% used [0x00000000d5800000,0x00000000d5868020,0x00000000d5900000)
  to   space 512K, 0% used [0x00000000d5980000,0x00000000d5980000,0x00000000d5a00000)
 ParOldGen       total 750080K, used 749803K [0x0000000080000000, 0x00000000adc80000, 0x00000000d5580000)
  object space 750080K, 99% used [0x0000000080000000,0x00000000adc3aee8,0x00000000adc80000)
 Metaspace       used 73236K, committed 74880K, reserved 1179648K
  class space    used 7777K, committed 8512K, reserved 1048576K
}
Event: 335.149 GC heap after
{Heap after GC invocations=996 (full 4):
 PSYoungGen      total 3072K, used 320K [0x00000000d5580000, 0x00000000d5a00000, 0x0000000100000000)
  eden space 2560K, 0% used [0x00000000d5580000,0x00000000d5580000,0x00000000d5800000)
  from space 512K, 62% used [0x00000000d5980000,0x00000000d59d0000,0x00000000d5a00000)
  to   space 512K, 0% used [0x00000000d5900000,0x00000000d5900000,0x00000000d5980000)
 ParOldGen       total 750080K, used 750003K [0x0000000080000000, 0x00000000adc80000, 0x00000000d5580000)
  object space 750080K, 99% used [0x0000000080000000,0x00000000adc6cf08,0x00000000adc80000)
 Metaspace       used 73236K, committed 74880K, reserved 1179648K
  class space    used 7777K, committed 8512K, reserved 1048576K
}
Event: 1385.701 GC heap before
{Heap before GC invocations=997 (full 4):
 PSYoungGen      total 3072K, used 2856K [0x00000000d5580000, 0x00000000d5a00000, 0x0000000100000000)
  eden space 2560K, 99% used [0x00000000d5580000,0x00000000d57fa3a8,0x00000000d5800000)
  from space 512K, 62% used [0x00000000d5980000,0x00000000d59d0000,0x00000000d5a00000)
  to   space 512K, 0% used [0x00000000d5900000,0x00000000d5900000,0x00000000d5980000)
 ParOldGen       total 750080K, used 750003K [0x0000000080000000, 0x00000000adc80000, 0x00000000d5580000)
  object space 750080K, 99% used [0x0000000080000000,0x00000000adc6cf08,0x00000000adc80000)
 Metaspace       used 73408K, committed 75136K, reserved 1179648K
  class space    used 7789K, committed 8576K, reserved 1048576K
}
Event: 1385.992 GC heap after
{Heap after GC invocations=997 (full 4):
 PSYoungGen      total 3072K, used 288K [0x00000000d5580000, 0x00000000d5a00000, 0x0000000100000000)
  eden space 2560K, 0% used [0x00000000d5580000,0x00000000d5580000,0x00000000d5800000)
  from space 512K, 56% used [0x00000000d5900000,0x00000000d5948000,0x00000000d5980000)
  to   space 512K, 0% used [0x00000000d5980000,0x00000000d5980000,0x00000000d5a00000)
 ParOldGen       total 750080K, used 750059K [0x0000000080000000, 0x00000000adc80000, 0x00000000d5580000)
  object space 750080K, 99% used [0x0000000080000000,0x00000000adc7af08,0x00000000adc80000)
 Metaspace       used 73408K, committed 75136K, reserved 1179648K
  class space    used 7789K, committed 8576K, reserved 1048576K
}
Event: 1386.772 GC heap before
{Heap before GC invocations=998 (full 4):
 PSYoungGen      total 3072K, used 2848K [0x00000000d5580000, 0x00000000d5a00000, 0x0000000100000000)
  eden space 2560K, 100% used [0x00000000d5580000,0x00000000d5800000,0x00000000d5800000)
  from space 512K, 56% used [0x00000000d5900000,0x00000000d5948000,0x00000000d5980000)
  to   space 512K, 0% used [0x00000000d5980000,0x00000000d5980000,0x00000000d5a00000)
 ParOldGen       total 750080K, used 750059K [0x0000000080000000, 0x00000000adc80000, 0x00000000d5580000)
  object space 750080K, 99% used [0x0000000080000000,0x00000000adc7af08,0x00000000adc80000)
 Metaspace       used 73701K, committed 75392K, reserved 1179648K
  class space    used 7819K, committed 8576K, reserved 1048576K
}
Event: 1386.776 GC heap after
{Heap after GC invocations=998 (full 4):
 PSYoungGen      total 3072K, used 352K [0x00000000d5580000, 0x00000000d5a00000, 0x0000000100000000)
  eden space 2560K, 0% used [0x00000000d5580000,0x00000000d5580000,0x00000000d5800000)
  from space 512K, 68% used [0x00000000d5980000,0x00000000d59d8020,0x00000000d5a00000)
  to   space 512K, 0% used [0x00000000d5900000,0x00000000d5900000,0x00000000d5980000)
 ParOldGen       total 750592K, used 750123K [0x0000000080000000, 0x00000000add00000, 0x00000000d5580000)
  object space 750592K, 99% used [0x0000000080000000,0x00000000adc8af08,0x00000000add00000)
 Metaspace       used 73701K, committed 75392K, reserved 1179648K
  class space    used 7819K, committed 8576K, reserved 1048576K
}
Event: 1386.940 GC heap before
{Heap before GC invocations=999 (full 4):
 PSYoungGen      total 3072K, used 2909K [0x00000000d5580000, 0x00000000d5a00000, 0x0000000100000000)
  eden space 2560K, 99% used [0x00000000d5580000,0x00000000d57ff6a0,0x00000000d5800000)
  from space 512K, 68% used [0x00000000d5980000,0x00000000d59d8020,0x00000000d5a00000)
  to   space 512K, 0% used [0x00000000d5900000,0x00000000d5900000,0x00000000d5980000)
 ParOldGen       total 750592K, used 750123K [0x0000000080000000, 0x00000000add00000, 0x00000000d5580000)
  object space 750592K, 99% used [0x0000000080000000,0x00000000adc8af08,0x00000000add00000)
 Metaspace       used 74077K, committed 75776K, reserved 1179648K
  class space    used 7856K, committed 8640K, reserved 1048576K
}
Event: 1386.944 GC heap after
{Heap after GC invocations=999 (full 4):
 PSYoungGen      total 3072K, used 224K [0x00000000d5580000, 0x00000000d5a00000, 0x0000000100000000)
  eden space 2560K, 0% used [0x00000000d5580000,0x00000000d5580000,0x00000000d5800000)
  from space 512K, 43% used [0x00000000d5900000,0x00000000d5938000,0x00000000d5980000)
  to   space 512K, 0% used [0x00000000d5980000,0x00000000d5980000,0x00000000d5a00000)
 ParOldGen       total 750592K, used 750284K [0x0000000080000000, 0x00000000add00000, 0x00000000d5580000)
  object space 750592K, 99% used [0x0000000080000000,0x00000000adcb30d8,0x00000000add00000)
 Metaspace       used 74077K, committed 75776K, reserved 1179648K
  class space    used 7856K, committed 8640K, reserved 1048576K
}
Event: 1387.180 GC heap before
{Heap before GC invocations=1000 (full 4):
 PSYoungGen      total 3072K, used 2781K [0x00000000d5580000, 0x00000000d5a00000, 0x0000000100000000)
  eden space 2560K, 99% used [0x00000000d5580000,0x00000000d57ff488,0x00000000d5800000)
  from space 512K, 43% used [0x00000000d5900000,0x00000000d5938000,0x00000000d5980000)
  to   space 512K, 0% used [0x00000000d5980000,0x00000000d5980000,0x00000000d5a00000)
 ParOldGen       total 750592K, used 750284K [0x0000000080000000, 0x00000000add00000, 0x00000000d5580000)
  object space 750592K, 99% used [0x0000000080000000,0x00000000adcb30d8,0x00000000add00000)
 Metaspace       used 74372K, committed 76032K, reserved 1179648K
  class space    used 7892K, committed 8640K, reserved 1048576K
}
Event: 1387.185 GC heap after
{Heap after GC invocations=1000 (full 4):
 PSYoungGen      total 3072K, used 352K [0x00000000d5580000, 0x00000000d5a00000, 0x0000000100000000)
  eden space 2560K, 0% used [0x00000000d5580000,0x00000000d5580000,0x00000000d5800000)
  from space 512K, 68% used [0x00000000d5980000,0x00000000d59d8000,0x00000000d5a00000)
  to   space 512K, 0% used [0x00000000d5900000,0x00000000d5900000,0x00000000d5980000)
 ParOldGen       total 750592K, used 750364K [0x0000000080000000, 0x00000000add00000, 0x00000000d5580000)
  object space 750592K, 99% used [0x0000000080000000,0x00000000adcc70d8,0x00000000add00000)
 Metaspace       used 74372K, committed 76032K, reserved 1179648K
  class space    used 7892K, committed 8640K, reserved 1048576K
}
Event: 1388.238 GC heap before
{Heap before GC invocations=1001 (full 4):
 PSYoungGen      total 3072K, used 2912K [0x00000000d5580000, 0x00000000d5a00000, 0x0000000100000000)
  eden space 2560K, 100% used [0x00000000d5580000,0x00000000d5800000,0x00000000d5800000)
  from space 512K, 68% used [0x00000000d5980000,0x00000000d59d8000,0x00000000d5a00000)
  to   space 512K, 0% used [0x00000000d5900000,0x00000000d5900000,0x00000000d5980000)
 ParOldGen       total 750592K, used 750364K [0x0000000080000000, 0x00000000add00000, 0x00000000d5580000)
  object space 750592K, 99% used [0x0000000080000000,0x00000000adcc70d8,0x00000000add00000)
 Metaspace       used 74679K, committed 76288K, reserved 1179648K
  class space    used 7911K, committed 8640K, reserved 1048576K
}
Event: 1388.241 GC heap after
{Heap after GC invocations=1001 (full 4):
 PSYoungGen      total 3072K, used 511K [0x00000000d5580000, 0x00000000d5a00000, 0x0000000100000000)
  eden space 2560K, 0% used [0x00000000d5580000,0x00000000d5580000,0x00000000d5800000)
  from space 512K, 99% used [0x00000000d5900000,0x00000000d597ffd0,0x00000000d5980000)
  to   space 512K, 0% used [0x00000000d5980000,0x00000000d5980000,0x00000000d5a00000)
 ParOldGen       total 750592K, used 750500K [0x0000000080000000, 0x00000000add00000, 0x00000000d5580000)
  object space 750592K, 99% used [0x0000000080000000,0x00000000adce90d8,0x00000000add00000)
 Metaspace       used 74679K, committed 76288K, reserved 1179648K
  class space    used 7911K, committed 8640K, reserved 1048576K
}
Event: 1389.299 GC heap before
{Heap before GC invocations=1002 (full 4):
 PSYoungGen      total 3072K, used 3071K [0x00000000d5580000, 0x00000000d5a00000, 0x0000000100000000)
  eden space 2560K, 99% used [0x00000000d5580000,0x00000000d57ffe30,0x00000000d5800000)
  from space 512K, 99% used [0x00000000d5900000,0x00000000d597ffd0,0x00000000d5980000)
  to   space 512K, 0% used [0x00000000d5980000,0x00000000d5980000,0x00000000d5a00000)
 ParOldGen       total 750592K, used 750500K [0x0000000080000000, 0x00000000add00000, 0x00000000d5580000)
  object space 750592K, 99% used [0x0000000080000000,0x00000000adce90d8,0x00000000add00000)
 Metaspace       used 75029K, committed 76736K, reserved 1179648K
  class space    used 7936K, committed 8704K, reserved 1048576K
}
Event: 1389.303 GC heap after
{Heap after GC invocations=1002 (full 4):
 PSYoungGen      total 3072K, used 491K [0x00000000d5580000, 0x00000000d5a00000, 0x0000000100000000)
  eden space 2560K, 0% used [0x00000000d5580000,0x00000000d5580000,0x00000000d5800000)
  from space 512K, 96% used [0x00000000d5980000,0x00000000d59faf58,0x00000000d5a00000)
  to   space 1024K, 0% used [0x00000000d5800000,0x00000000d5800000,0x00000000d5900000)
 ParOldGen       total 751104K, used 750680K [0x0000000080000000, 0x00000000add80000, 0x00000000d5580000)
  object space 751104K, 99% used [0x0000000080000000,0x00000000add16010,0x00000000add80000)
 Metaspace       used 75029K, committed 76736K, reserved 1179648K
  class space    used 7936K, committed 8704K, reserved 1048576K
}
Event: 1389.376 GC heap before
{Heap before GC invocations=1003 (full 4):
 PSYoungGen      total 3072K, used 3051K [0x00000000d5580000, 0x00000000d5a00000, 0x0000000100000000)
  eden space 2560K, 100% used [0x00000000d5580000,0x00000000d5800000,0x00000000d5800000)
  from space 512K, 96% used [0x00000000d5980000,0x00000000d59faf58,0x00000000d5a00000)
  to   space 1024K, 0% used [0x00000000d5800000,0x00000000d5800000,0x00000000d5900000)
 ParOldGen       total 752640K, used 752001K [0x0000000080000000, 0x00000000adf00000, 0x00000000d5580000)
  object space 752640K, 99% used [0x0000000080000000,0x00000000ade60790,0x00000000adf00000)
 Metaspace       used 75095K, committed 76736K, reserved 1179648K
  class space    used 7937K, committed 8704K, reserved 1048576K
}
Event: 1389.380 GC heap after
{Heap after GC invocations=1003 (full 4):
 PSYoungGen      total 3584K, used 622K [0x00000000d5580000, 0x00000000d5a00000, 0x0000000100000000)
  eden space 2560K, 0% used [0x00000000d5580000,0x00000000d5580000,0x00000000d5800000)
  from space 1024K, 60% used [0x00000000d5800000,0x00000000d589bb20,0x00000000d5900000)
  to   space 1024K, 0% used [0x00000000d5900000,0x00000000d5900000,0x00000000d5a00000)
 ParOldGen       total 754176K, used 753643K [0x0000000080000000, 0x00000000ae080000, 0x00000000d5580000)
  object space 754176K, 99% used [0x0000000080000000,0x00000000adffaf30,0x00000000ae080000)
 Metaspace       used 75095K, committed 76736K, reserved 1179648K
  class space    used 7937K, committed 8704K, reserved 1048576K
}
Event: 1389.408 GC heap before
{Heap before GC invocations=1004 (full 4):
 PSYoungGen      total 3584K, used 3154K [0x00000000d5580000, 0x00000000d5a00000, 0x0000000100000000)
  eden space 2560K, 98% used [0x00000000d5580000,0x00000000d57f8df8,0x00000000d5800000)
  from space 1024K, 60% used [0x00000000d5800000,0x00000000d589bb20,0x00000000d5900000)
  to   space 1024K, 0% used [0x00000000d5900000,0x00000000d5900000,0x00000000d5a00000)
 ParOldGen       total 754176K, used 753643K [0x0000000080000000, 0x00000000ae080000, 0x00000000d5580000)
  object space 754176K, 99% used [0x0000000080000000,0x00000000adffaf30,0x00000000ae080000)
 Metaspace       used 75114K, committed 76800K, reserved 1179648K
  class space    used 7942K, committed 8704K, reserved 1048576K
}
Event: 1389.412 GC heap after
{Heap after GC invocations=1004 (full 4):
 PSYoungGen      total 3584K, used 860K [0x00000000d5580000, 0x00000000d5a00000, 0x0000000100000000)
  eden space 2560K, 0% used [0x00000000d5580000,0x00000000d5580000,0x00000000d5800000)
  from space 1024K, 84% used [0x00000000d5900000,0x00000000d59d70e0,0x00000000d5a00000)
  to   space 1024K, 0% used [0x00000000d5800000,0x00000000d5800000,0x00000000d5900000)
 ParOldGen       total 755712K, used 754965K [0x0000000080000000, 0x00000000ae200000, 0x00000000d5580000)
  object space 755712K, 99% used [0x0000000080000000,0x00000000ae1456b0,0x00000000ae200000)
 Metaspace       used 75114K, committed 76800K, reserved 1179648K
  class space    used 7942K, committed 8704K, reserved 1048576K
}
Event: 1389.440 GC heap before
{Heap before GC invocations=1005 (full 4):
 PSYoungGen      total 3584K, used 3420K [0x00000000d5580000, 0x00000000d5a00000, 0x0000000100000000)
  eden space 2560K, 100% used [0x00000000d5580000,0x00000000d5800000,0x00000000d5800000)
  from space 1024K, 84% used [0x00000000d5900000,0x00000000d59d70e0,0x00000000d5a00000)
  to   space 1024K, 0% used [0x00000000d5800000,0x00000000d5800000,0x00000000d5900000)
 ParOldGen       total 761856K, used 760710K [0x0000000080000000, 0x00000000ae800000, 0x00000000d5580000)
  object space 761856K, 99% used [0x0000000080000000,0x00000000ae6e1b28,0x00000000ae800000)
 Metaspace       used 75131K, committed 76800K, reserved 1179648K
  class space    used 7944K, committed 8704K, reserved 1048576K
}
Event: 1389.443 GC heap after
{Heap after GC invocations=1005 (full 4):
 PSYoungGen      total 3584K, used 544K [0x00000000d5580000, 0x00000000d5a00000, 0x0000000100000000)
  eden space 2560K, 0% used [0x00000000d5580000,0x00000000d5580000,0x00000000d5800000)
  from space 1024K, 53% used [0x00000000d5800000,0x00000000d5888000,0x00000000d5900000)
  to   space 1024K, 0% used [0x00000000d5900000,0x00000000d5900000,0x00000000d5a00000)
 ParOldGen       total 761856K, used 761319K [0x0000000080000000, 0x00000000ae800000, 0x00000000d5580000)
  object space 761856K, 99% used [0x0000000080000000,0x00000000ae779f58,0x00000000ae800000)
 Metaspace       used 75131K, committed 76800K, reserved 1179648K
  class space    used 7944K, committed 8704K, reserved 1048576K
}

Dll operation events (14 events):
Event: 0.017 Loaded shared library c:\Users\MyBook Hype AMD\.vscode\extensions\redhat.java-1.46.0-win32-x64\jre\21.0.8-win32-x86_64\bin\java.dll
Event: 0.779 Loaded shared library c:\Users\MyBook Hype AMD\.vscode\extensions\redhat.java-1.46.0-win32-x64\jre\21.0.8-win32-x86_64\bin\zip.dll
Event: 0.886 Loaded shared library C:\Users\MyBook Hype AMD\.vscode\extensions\redhat.java-1.46.0-win32-x64\jre\21.0.8-win32-x86_64\bin\instrument.dll
Event: 0.896 Loaded shared library C:\Users\MyBook Hype AMD\.vscode\extensions\redhat.java-1.46.0-win32-x64\jre\21.0.8-win32-x86_64\bin\net.dll
Event: 0.901 Loaded shared library C:\Users\MyBook Hype AMD\.vscode\extensions\redhat.java-1.46.0-win32-x64\jre\21.0.8-win32-x86_64\bin\nio.dll
Event: 0.908 Loaded shared library C:\Users\MyBook Hype AMD\.vscode\extensions\redhat.java-1.46.0-win32-x64\jre\21.0.8-win32-x86_64\bin\zip.dll
Event: 0.940 Loaded shared library C:\Users\MyBook Hype AMD\.vscode\extensions\redhat.java-1.46.0-win32-x64\jre\21.0.8-win32-x86_64\bin\jimage.dll
Event: 1.074 Loaded shared library c:\Users\MyBook Hype AMD\.vscode\extensions\redhat.java-1.46.0-win32-x64\jre\21.0.8-win32-x86_64\bin\verify.dll
Event: 2.929 Loaded shared library C:\Users\MyBook Hype AMD\AppData\Roaming\Code\User\globalStorage\redhat.java\1.46.0\config_win\org.eclipse.equinox.launcher\org.eclipse.equinox.launcher.win32.win32.x86_64_1.2.1400.v20250801-0854\eclipse_11916.dll
Event: 4.744 Loaded shared library C:\Users\MyBook Hype AMD\.vscode\extensions\redhat.java-1.46.0-win32-x64\jre\21.0.8-win32-x86_64\bin\management.dll
Event: 4.749 Loaded shared library C:\Users\MyBook Hype AMD\.vscode\extensions\redhat.java-1.46.0-win32-x64\jre\21.0.8-win32-x86_64\bin\management_ext.dll
Event: 7.814 Loaded shared library C:\Users\MyBook Hype AMD\AppData\Local\Temp\jna--873495991\jna17869003301185425851.dll
Event: 8.431 Loaded shared library C:\Users\MyBook Hype AMD\.vscode\extensions\redhat.java-1.46.0-win32-x64\jre\21.0.8-win32-x86_64\bin\sunmscapi.dll
Event: 8.520 Loaded shared library C:\Users\MyBook Hype AMD\.vscode\extensions\redhat.java-1.46.0-win32-x64\jre\21.0.8-win32-x86_64\bin\extnet.dll

Deoptimization events (20 events):
Event: 1389.427 Thread 0x000001b85426a6e0 Uncommon trap: trap_request=0xffffffc6 fr.pc=0x000001b808255e30 relative=0x0000000000000170
Event: 1389.427 Thread 0x000001b85426a6e0 Uncommon trap: reason=bimorphic_or_optimized_type_check action=maybe_recompile pc=0x000001b808255e30 method=org.eclipse.jdt.internal.compiler.lookup.ModuleBinding.completeIfNeeded(Lorg/eclipse/jdt/internal/compiler/env/IUpdatableModule$UpdateKind;)V @ 47 
Event: 1389.427 Thread 0x000001b85426a6e0 DEOPT PACKING pc=0x000001b808255e30 sp=0x0000008a40afe450
Event: 1389.428 Thread 0x000001b85426a6e0 DEOPT UNPACKING pc=0x000001b807583aa2 sp=0x0000008a40afe3e0 mode 2
Event: 1389.428 Thread 0x000001b85426a6e0 Uncommon trap: trap_request=0xffffffc6 fr.pc=0x000001b808255e30 relative=0x0000000000000170
Event: 1389.429 Thread 0x000001b85426a6e0 Uncommon trap: reason=bimorphic_or_optimized_type_check action=maybe_recompile pc=0x000001b808255e30 method=org.eclipse.jdt.internal.compiler.lookup.ModuleBinding.completeIfNeeded(Lorg/eclipse/jdt/internal/compiler/env/IUpdatableModule$UpdateKind;)V @ 47 
Event: 1389.429 Thread 0x000001b85426a6e0 DEOPT PACKING pc=0x000001b808255e30 sp=0x0000008a40afe450
Event: 1389.429 Thread 0x000001b85426a6e0 DEOPT UNPACKING pc=0x000001b807583aa2 sp=0x0000008a40afe3e0 mode 2
Event: 1389.429 Thread 0x000001b85426a6e0 Uncommon trap: trap_request=0xffffffc6 fr.pc=0x000001b808255e30 relative=0x0000000000000170
Event: 1389.429 Thread 0x000001b85426a6e0 Uncommon trap: reason=bimorphic_or_optimized_type_check action=maybe_recompile pc=0x000001b808255e30 method=org.eclipse.jdt.internal.compiler.lookup.ModuleBinding.completeIfNeeded(Lorg/eclipse/jdt/internal/compiler/env/IUpdatableModule$UpdateKind;)V @ 47 
Event: 1389.429 Thread 0x000001b85426a6e0 DEOPT PACKING pc=0x000001b808255e30 sp=0x0000008a40afe450
Event: 1389.429 Thread 0x000001b85426a6e0 DEOPT UNPACKING pc=0x000001b807583aa2 sp=0x0000008a40afe3e0 mode 2
Event: 1389.429 Thread 0x000001b85426a6e0 Uncommon trap: trap_request=0xffffffc6 fr.pc=0x000001b808255e30 relative=0x0000000000000170
Event: 1389.429 Thread 0x000001b85426a6e0 Uncommon trap: reason=bimorphic_or_optimized_type_check action=maybe_recompile pc=0x000001b808255e30 method=org.eclipse.jdt.internal.compiler.lookup.ModuleBinding.completeIfNeeded(Lorg/eclipse/jdt/internal/compiler/env/IUpdatableModule$UpdateKind;)V @ 47 
Event: 1389.429 Thread 0x000001b85426a6e0 DEOPT PACKING pc=0x000001b808255e30 sp=0x0000008a40afe450
Event: 1389.429 Thread 0x000001b85426a6e0 DEOPT UNPACKING pc=0x000001b807583aa2 sp=0x0000008a40afe3e0 mode 2
Event: 1389.462 Thread 0x000001b855941620 Uncommon trap: trap_request=0xffffffde fr.pc=0x000001b80852dfb8 relative=0x0000000000001d78
Event: 1389.462 Thread 0x000001b855941620 Uncommon trap: reason=class_check action=maybe_recompile pc=0x000001b80852dfb8 method=org.eclipse.jdt.internal.core.JavaModelCache.getInfo(Lorg/eclipse/jdt/core/IJavaElement;)Lorg/eclipse/jdt/internal/compiler/env/IElementInfo; @ 106 c2
Event: 1389.462 Thread 0x000001b855941620 DEOPT PACKING pc=0x000001b80852dfb8 sp=0x0000008a3f7fdfb0
Event: 1389.462 Thread 0x000001b855941620 DEOPT UNPACKING pc=0x000001b807583aa2 sp=0x0000008a3f7fdf88 mode 2

Classes loaded (20 events):
Event: 35.880 Loading class java/util/concurrent/ConcurrentHashMap$KeySpliterator
Event: 35.880 Loading class java/util/concurrent/ConcurrentHashMap$KeySpliterator done
Event: 36.768 Loading class jdk/internal/module/IllegalAccessLogger
Event: 36.768 Loading class jdk/internal/module/IllegalAccessLogger done
Event: 37.096 Loading class java/io/CharArrayWriter
Event: 37.096 Loading class java/io/CharArrayWriter done
Event: 37.116 Loading class java/nio/file/attribute/PosixFileAttributes
Event: 37.117 Loading class java/nio/file/attribute/PosixFileAttributes done
Event: 74.609 Loading class java/util/concurrent/CompletableFuture$UniApply
Event: 74.611 Loading class java/util/concurrent/CompletableFuture$UniApply done
Event: 74.612 Loading class java/util/concurrent/CompletableFuture$UniExceptionally
Event: 74.613 Loading class java/util/concurrent/CompletableFuture$UniExceptionally done
Event: 1386.512 Loading class java/io/SequenceInputStream
Event: 1386.516 Loading class java/io/SequenceInputStream done
Event: 1387.028 Loading class jdk/internal/event/SecurityPropertyModificationEvent
Event: 1387.030 Loading class jdk/internal/event/SecurityPropertyModificationEvent done
Event: 1389.311 Loading class java/lang/UnsupportedClassVersionError
Event: 1389.312 Loading class java/lang/UnsupportedClassVersionError done
Event: 1389.402 Loading class java/util/zip/CheckedInputStream
Event: 1389.404 Loading class java/util/zip/CheckedInputStream done

Classes unloaded (20 events):
Event: 5.838 Thread 0x000001b87cac47d0 Unloading class 0x000001b8101afc00 'java/lang/invoke/LambdaForm$MH+0x000001b8101afc00'
Event: 5.838 Thread 0x000001b87cac47d0 Unloading class 0x000001b8101af800 'java/lang/invoke/LambdaForm$BMH+0x000001b8101af800'
Event: 5.838 Thread 0x000001b87cac47d0 Unloading class 0x000001b8101af400 'java/lang/invoke/LambdaForm$DMH+0x000001b8101af400'
Event: 5.838 Thread 0x000001b87cac47d0 Unloading class 0x000001b8101ae400 'java/lang/invoke/LambdaForm$DMH+0x000001b8101ae400'
Event: 7.961 Thread 0x000001b87cac47d0 Unloading class 0x000001b810302000 'java/lang/invoke/LambdaForm$MH+0x000001b810302000'
Event: 7.961 Thread 0x000001b87cac47d0 Unloading class 0x000001b810301800 'java/lang/invoke/LambdaForm$MH+0x000001b810301800'
Event: 7.961 Thread 0x000001b87cac47d0 Unloading class 0x000001b810301000 'java/lang/invoke/LambdaForm$MH+0x000001b810301000'
Event: 7.961 Thread 0x000001b87cac47d0 Unloading class 0x000001b810300800 'java/lang/invoke/LambdaForm$MH+0x000001b810300800'
Event: 7.961 Thread 0x000001b87cac47d0 Unloading class 0x000001b810300400 'java/lang/invoke/LambdaForm$DMH+0x000001b810300400'
Event: 7.961 Thread 0x000001b87cac47d0 Unloading class 0x000001b8102fd400 'java/lang/invoke/LambdaForm$MH+0x000001b8102fd400'
Event: 7.961 Thread 0x000001b87cac47d0 Unloading class 0x000001b8102f8c00 'java/lang/invoke/LambdaForm$MH+0x000001b8102f8c00'
Event: 7.961 Thread 0x000001b87cac47d0 Unloading class 0x000001b8102f8800 'java/lang/invoke/LambdaForm$MH+0x000001b8102f8800'
Event: 7.961 Thread 0x000001b87cac47d0 Unloading class 0x000001b8102f8000 'java/lang/invoke/LambdaForm$MH+0x000001b8102f8000'
Event: 7.961 Thread 0x000001b87cac47d0 Unloading class 0x000001b8102f3400 'java/lang/invoke/LambdaForm$MH+0x000001b8102f3400'
Event: 7.961 Thread 0x000001b87cac47d0 Unloading class 0x000001b8102f2c00 'java/lang/invoke/LambdaForm$MH+0x000001b8102f2c00'
Event: 7.961 Thread 0x000001b87cac47d0 Unloading class 0x000001b8102f2400 'java/lang/invoke/LambdaForm$MH+0x000001b8102f2400'
Event: 23.178 Thread 0x000001b87cac47d0 Unloading class 0x000001b810648c00 'java/lang/invoke/LambdaForm$DMH+0x000001b810648c00'
Event: 23.178 Thread 0x000001b87cac47d0 Unloading class 0x000001b810648800 'java/lang/invoke/LambdaForm$DMH+0x000001b810648800'
Event: 23.178 Thread 0x000001b87cac47d0 Unloading class 0x000001b810648400 'java/lang/invoke/LambdaForm$DMH+0x000001b810648400'
Event: 23.178 Thread 0x000001b87cac47d0 Unloading class 0x000001b810648000 'java/lang/invoke/LambdaForm$DMH+0x000001b810648000'

Classes redefined (0 events):
No events

Internal exceptions (20 events):
Event: 74.822 Thread 0x000001b85426c120 Exception <a 'java/lang/NoSuchMethodError'{0x00000000d56863a0}: 'java.lang.Object java.lang.invoke.Invokers$Holder.linkToTargetMethod(java.lang.Object, java.lang.Object, int, int, java.lang.Object)'> (0x00000000d56863a0) 
thrown [s\src\hotspot\share\interpreter\linkResolver.cpp, line 773]
Event: 74.839 Thread 0x000001b85426c120 Exception <a 'java/lang/NoSuchMethodError'{0x00000000d56244c8}: method resolution failed> (0x00000000d56244c8) 
thrown [s\src\hotspot\share\prims\methodHandles.cpp, line 1144]
Event: 74.839 Thread 0x000001b85426b400 Exception <a 'java/lang/NoSuchMethodError'{0x00000000d55cd850}: method resolution failed> (0x00000000d55cd850) 
thrown [s\src\hotspot\share\prims\methodHandles.cpp, line 1144]
Event: 74.991 Thread 0x000001b8559436f0 Exception <a 'java/lang/IncompatibleClassChangeError'{0x00000000d5689588}: Found class java.lang.Object, but interface was expected> (0x00000000d5689588) 
thrown [s\src\hotspot\share\interpreter\linkResolver.cpp, line 840]
Event: 75.160 Thread 0x000001b8559436f0 Implicit null exception at 0x000001b8082351a8 to 0x000001b808235d10
Event: 75.657 Thread 0x000001b85593e830 Exception <a 'sun/nio/fs/WindowsException'{0x00000000d575c868}> (0x00000000d575c868) 
thrown [s\src\hotspot\share\prims\jni.cpp, line 520]
Event: 75.657 Thread 0x000001b85593e830 Exception <a 'sun/nio/fs/WindowsException'{0x00000000d575d168}> (0x00000000d575d168) 
thrown [s\src\hotspot\share\prims\jni.cpp, line 520]
Event: 334.921 Thread 0x000001b855457f50 Exception <a 'sun/nio/fs/WindowsException'{0x00000000d57e09b8}> (0x00000000d57e09b8) 
thrown [s\src\hotspot\share\prims\jni.cpp, line 520]
Event: 334.923 Thread 0x000001b855457f50 Exception <a 'sun/nio/fs/WindowsException'{0x00000000d57e14f0}> (0x00000000d57e14f0) 
thrown [s\src\hotspot\share\prims\jni.cpp, line 520]
Event: 1244.602 Thread 0x000001b854ece160 Exception <a 'java/lang/IncompatibleClassChangeError'{0x00000000d55e17c0}: Found class java.lang.Object, but interface was expected> (0x00000000d55e17c0) 
thrown [s\src\hotspot\share\interpreter\linkResolver.cpp, line 840]
Event: 1386.794 Thread 0x000001b854ece160 Exception <a 'java/lang/IncompatibleClassChangeError'{0x00000000d55bc598}: Found class java.lang.Object, but interface was expected> (0x00000000d55bc598) 
thrown [s\src\hotspot\share\interpreter\linkResolver.cpp, line 840]
Event: 1386.981 Thread 0x000001b854ece160 Exception <a 'java/lang/IncompatibleClassChangeError'{0x00000000d56aece0}: Found class java.lang.Object, but interface was expected> (0x00000000d56aece0) 
thrown [s\src\hotspot\share\interpreter\linkResolver.cpp, line 840]
Event: 1386.990 Thread 0x000001b854ece160 Exception <a 'java/lang/IncompatibleClassChangeError'{0x00000000d56caca8}: Found class java.lang.Object, but interface was expected> (0x00000000d56caca8) 
thrown [s\src\hotspot\share\interpreter\linkResolver.cpp, line 840]
Event: 1386.994 Thread 0x000001b854ece160 Exception <a 'java/lang/IncompatibleClassChangeError'{0x00000000d56d8c38}: Found class java.lang.Object, but interface was expected> (0x00000000d56d8c38) 
thrown [s\src\hotspot\share\interpreter\linkResolver.cpp, line 840]
Event: 1386.998 Thread 0x000001b854ece160 Exception <a 'java/lang/IncompatibleClassChangeError'{0x00000000d56fa640}: Found class java.lang.Object, but interface was expected> (0x00000000d56fa640) 
thrown [s\src\hotspot\share\interpreter\linkResolver.cpp, line 840]
Event: 1387.162 Thread 0x000001b85426a6e0 Exception <a 'java/lang/NoSuchMethodError'{0x00000000d57eb7e8}: 'java.lang.Object java.lang.invoke.DirectMethodHandle$Holder.invokeSpecial(java.lang.Object, java.lang.Object, int, long)'> (0x00000000d57eb7e8) 
thrown [s\src\hotspot\share\interpreter\linkResolver.cpp, line 773]
Event: 1387.206 Thread 0x000001b85593e830 Exception <a 'java/lang/NoSuchMethodError'{0x00000000d56c5260}: 'java.lang.Object java.lang.invoke.DirectMethodHandle$Holder.invokeSpecial(java.lang.Object, java.lang.Object, java.lang.Object, java.lang.Object, int, java.lang.Object, java.lang.Object)'> (0x00000000d56c5260) 
thrown [s\src\hotspot\share\interpreter\linkResolver.cpp, line 773]
Event: 1387.206 Thread 0x000001b85593e1a0 Exception <a 'java/lang/NoSuchMethodError'{0x00000000d56c3950}: 'java.lang.Object java.lang.invoke.DirectMethodHandle$Holder.invokeSpecial(java.lang.Object, java.lang.Object, java.lang.Object, java.lang.Object, int, java.lang.Object, java.lang.Object)'> (0x00000000d56c3950) 
thrown [s\src\hotspot\share\interpreter\linkResolver.cpp, line 773]
Event: 1388.253 Thread 0x000001b855940270 Exception <a 'java/lang/ArrayIndexOutOfBoundsException'{0x00000000d5624ad0}> (0x00000000d5624ad0) 
thrown [s\src\hotspot\share\runtime\sharedRuntime.cpp, line 625]
Event: 1389.403 Thread 0x000001b855941620 Exception <a 'java/lang/NoSuchMethodError'{0x00000000d57a41a8}: 'int java.lang.invoke.Invokers$Holder.invokeExact_MT(java.lang.Object, java.lang.Object)'> (0x00000000d57a41a8) 
thrown [s\src\hotspot\share\interpreter\linkResolver.cpp, line 773]

ZGC Phase Switch (0 events):
No events

VM Operations (20 events):
Event: 1386.776 Executing VM operation: ParallelGCFailedAllocation (Allocation Failure) done
Event: 1386.940 Executing VM operation: ParallelGCFailedAllocation (Allocation Failure)
Event: 1386.944 Executing VM operation: ParallelGCFailedAllocation (Allocation Failure) done
Event: 1387.180 Executing VM operation: ParallelGCFailedAllocation (Allocation Failure)
Event: 1387.185 Executing VM operation: ParallelGCFailedAllocation (Allocation Failure) done
Event: 1388.185 Executing VM operation: Cleanup
Event: 1388.230 Executing VM operation: Cleanup done
Event: 1388.233 Executing VM operation: ParallelGCFailedAllocation (Allocation Failure)
Event: 1388.241 Executing VM operation: ParallelGCFailedAllocation (Allocation Failure) done
Event: 1388.290 Executing VM operation: ParallelGCFailedAllocation (Allocation Failure)
Event: 1389.303 Executing VM operation: ParallelGCFailedAllocation (Allocation Failure) done
Event: 1389.365 Executing VM operation: ParallelGCFailedAllocation (Allocation Failure)
Event: 1389.380 Executing VM operation: ParallelGCFailedAllocation (Allocation Failure) done
Event: 1389.407 Executing VM operation: ParallelGCFailedAllocation (Allocation Failure)
Event: 1389.412 Executing VM operation: ParallelGCFailedAllocation (Allocation Failure) done
Event: 1389.440 Executing VM operation: ParallelGCFailedAllocation (Allocation Failure)
Event: 1389.440 Executing VM operation: ParallelGCFailedAllocation (Allocation Failure) done
Event: 1389.440 Executing VM operation: ParallelGCSystemGC (GCLocker Initiated GC)
Event: 1389.443 Executing VM operation: ParallelGCSystemGC (GCLocker Initiated GC) done
Event: 1390.449 Executing VM operation: Cleanup

Memory protections (0 events):
No events

Nmethod flushes (20 events):
Event: 55.687 Thread 0x000001b87cac47d0 flushing  nmethod 0x000001b800eddd10
Event: 55.687 Thread 0x000001b87cac47d0 flushing  nmethod 0x000001b800ef2e90
Event: 55.687 Thread 0x000001b87cac47d0 flushing  nmethod 0x000001b800f4d710
Event: 55.687 Thread 0x000001b87cac47d0 flushing  nmethod 0x000001b800f78410
Event: 55.687 Thread 0x000001b87cac47d0 flushing  nmethod 0x000001b800fbd990
Event: 55.687 Thread 0x000001b87cac47d0 flushing  nmethod 0x000001b80101e810
Event: 55.687 Thread 0x000001b87cac47d0 flushing  nmethod 0x000001b801047d90
Event: 55.687 Thread 0x000001b87cac47d0 flushing  nmethod 0x000001b801053e10
Event: 55.687 Thread 0x000001b87cac47d0 flushing  nmethod 0x000001b801081710
Event: 55.687 Thread 0x000001b87cac47d0 flushing  nmethod 0x000001b801093c90
Event: 55.687 Thread 0x000001b87cac47d0 flushing  nmethod 0x000001b801096190
Event: 55.687 Thread 0x000001b87cac47d0 flushing  nmethod 0x000001b801097210
Event: 55.687 Thread 0x000001b87cac47d0 flushing  nmethod 0x000001b801097690
Event: 55.687 Thread 0x000001b87cac47d0 flushing  nmethod 0x000001b801099010
Event: 55.687 Thread 0x000001b87cac47d0 flushing  nmethod 0x000001b801099690
Event: 55.687 Thread 0x000001b87cac47d0 flushing  nmethod 0x000001b8010c1d10
Event: 55.687 Thread 0x000001b87cac47d0 flushing  nmethod 0x000001b8010c2590
Event: 55.687 Thread 0x000001b87cac47d0 flushing  nmethod 0x000001b80115ed10
Event: 55.687 Thread 0x000001b87cac47d0 flushing osr nmethod 0x000001b80117c390
Event: 55.687 Thread 0x000001b87cac47d0 flushing  nmethod 0x000001b8011bea10

Events (20 events):
Event: 435.766 Thread 0x000001b855943060 Thread exited: 0x000001b855943060
Event: 495.771 Thread 0x000001b855456510 Thread exited: 0x000001b855456510
Event: 555.775 Thread 0x000001b855940270 Thread exited: 0x000001b855940270
Event: 615.781 Thread 0x000001b855940f90 Thread exited: 0x000001b855940f90
Event: 675.785 Thread 0x000001b85593eec0 Thread exited: 0x000001b85593eec0
Event: 735.792 Thread 0x000001b855941620 Thread exited: 0x000001b855941620
Event: 1386.715 Thread 0x000001b855457f50 Thread added: 0x000001b855940f90
Event: 1386.767 Thread 0x000001b854ece160 Thread added: 0x000001b85593eec0
Event: 1386.777 Thread 0x000001b854ece160 Thread added: 0x000001b85593e1a0
Event: 1386.993 Thread 0x000001b854ece160 Thread added: 0x000001b855941620
Event: 1386.996 Thread 0x000001b854ece160 Thread added: 0x000001b855941cb0
Event: 1386.997 Thread 0x000001b855941cb0 Thread added: 0x000001b85593e830
Event: 1387.001 Thread 0x000001b854ece160 Thread added: 0x000001b855940270
Event: 1387.002 Thread 0x000001b855940270 Thread added: 0x000001b855940900
Event: 1387.004 Thread 0x000001b855940900 Thread added: 0x000001b8559429d0
Event: 1387.015 Thread 0x000001b854ece160 Thread added: 0x000001b85593f550
Event: 1387.046 Thread 0x000001b855940900 Thread added: 0x000001b855943060
Event: 1387.121 Thread 0x000001b85426a6e0 Thread added: 0x000001b855943d80
Event: 1387.782 Thread 0x000001b87eb06190 Thread added: 0x000001b87f3dbe10
Event: 1389.382 Thread 0x000001b87eb01460 Thread added: 0x000001b87f3dc4e0


Dynamic libraries:
0x00007ff6c3de0000 - 0x00007ff6c3dee000 	c:\Users\MyBook Hype AMD\.vscode\extensions\redhat.java-1.46.0-win32-x64\jre\21.0.8-win32-x86_64\bin\java.exe
0x00007ffee48c0000 - 0x00007ffee4b28000 	C:\WINDOWS\SYSTEM32\ntdll.dll
0x00007ffee3770000 - 0x00007ffee3839000 	C:\WINDOWS\System32\KERNEL32.DLL
0x00007ffee1a50000 - 0x00007ffee1e42000 	C:\WINDOWS\System32\KERNELBASE.dll
0x00007ffee1f10000 - 0x00007ffee205b000 	C:\WINDOWS\System32\ucrtbase.dll
0x00007ffec2030000 - 0x00007ffec2048000 	c:\Users\MyBook Hype AMD\.vscode\extensions\redhat.java-1.46.0-win32-x64\jre\21.0.8-win32-x86_64\bin\jli.dll
0x00007ffebe4a0000 - 0x00007ffebe4be000 	c:\Users\MyBook Hype AMD\.vscode\extensions\redhat.java-1.46.0-win32-x64\jre\21.0.8-win32-x86_64\bin\VCRUNTIME140.dll
0x00007ffee3880000 - 0x00007ffee3a45000 	C:\WINDOWS\System32\USER32.dll
0x00007ffeca550000 - 0x00007ffeca7e3000 	C:\WINDOWS\WinSxS\amd64_microsoft.windows.common-controls_6595b64144ccf1df_6.0.26100.6725_none_3e085828e334708b\COMCTL32.dll
0x00007ffee2060000 - 0x00007ffee2087000 	C:\WINDOWS\System32\win32u.dll
0x00007ffee2760000 - 0x00007ffee2809000 	C:\WINDOWS\System32\msvcrt.dll
0x00007ffee4600000 - 0x00007ffee462b000 	C:\WINDOWS\System32\GDI32.dll
0x00007ffee2430000 - 0x00007ffee255d000 	C:\WINDOWS\System32\gdi32full.dll
0x00007ffee2380000 - 0x00007ffee2423000 	C:\WINDOWS\System32\msvcp_win.dll
0x00007ffee3840000 - 0x00007ffee386f000 	C:\WINDOWS\System32\IMM32.DLL
0x00007ffece910000 - 0x00007ffece91c000 	c:\Users\MyBook Hype AMD\.vscode\extensions\redhat.java-1.46.0-win32-x64\jre\21.0.8-win32-x86_64\bin\vcruntime140_1.dll
0x00007ffe7d280000 - 0x00007ffe7d30d000 	c:\Users\MyBook Hype AMD\.vscode\extensions\redhat.java-1.46.0-win32-x64\jre\21.0.8-win32-x86_64\bin\msvcp140.dll
0x00007ffe07b60000 - 0x00007ffe088f7000 	c:\Users\MyBook Hype AMD\.vscode\extensions\redhat.java-1.46.0-win32-x64\jre\21.0.8-win32-x86_64\bin\server\jvm.dll
0x00007ffee36a0000 - 0x00007ffee3754000 	C:\WINDOWS\System32\ADVAPI32.dll
0x00007ffee4300000 - 0x00007ffee43a6000 	C:\WINDOWS\System32\sechost.dll
0x00007ffee43b0000 - 0x00007ffee44c8000 	C:\WINDOWS\System32\RPCRT4.dll
0x00007ffee4730000 - 0x00007ffee47a4000 	C:\WINDOWS\System32\WS2_32.dll
0x00007ffee18b0000 - 0x00007ffee190e000 	C:\WINDOWS\SYSTEM32\POWRPROF.dll
0x00007ffeda8f0000 - 0x00007ffeda925000 	C:\WINDOWS\SYSTEM32\WINMM.dll
0x00007ffedb4d0000 - 0x00007ffedb4db000 	C:\WINDOWS\SYSTEM32\VERSION.dll
0x00007ffee1890000 - 0x00007ffee18a4000 	C:\WINDOWS\SYSTEM32\UMPDC.dll
0x00007ffee07e0000 - 0x00007ffee07fb000 	C:\WINDOWS\SYSTEM32\kernel.appcore.dll
0x00007ffec7710000 - 0x00007ffec771a000 	c:\Users\MyBook Hype AMD\.vscode\extensions\redhat.java-1.46.0-win32-x64\jre\21.0.8-win32-x86_64\bin\jimage.dll
0x00007ffed7450000 - 0x00007ffed7692000 	C:\WINDOWS\SYSTEM32\DBGHELP.DLL
0x00007ffee3a50000 - 0x00007ffee3dcb000 	C:\WINDOWS\System32\combase.dll
0x00007ffee35c0000 - 0x00007ffee3697000 	C:\WINDOWS\System32\OLEAUT32.dll
0x00007ffec9a50000 - 0x00007ffec9a8c000 	C:\WINDOWS\SYSTEM32\dbgcore.DLL
0x00007ffee25f0000 - 0x00007ffee2688000 	C:\WINDOWS\System32\bcryptPrimitives.dll
0x00007ffe95390000 - 0x00007ffe9539f000 	c:\Users\MyBook Hype AMD\.vscode\extensions\redhat.java-1.46.0-win32-x64\jre\21.0.8-win32-x86_64\bin\instrument.dll
0x00007ffeb7700000 - 0x00007ffeb771f000 	c:\Users\MyBook Hype AMD\.vscode\extensions\redhat.java-1.46.0-win32-x64\jre\21.0.8-win32-x86_64\bin\java.dll
0x00007ffee2810000 - 0x00007ffee2f5c000 	C:\WINDOWS\System32\SHELL32.dll
0x00007ffee2090000 - 0x00007ffee21fb000 	C:\WINDOWS\System32\wintypes.dll
0x00007ffedf680000 - 0x00007ffedfedd000 	C:\WINDOWS\SYSTEM32\windows.storage.dll
0x00007ffee4630000 - 0x00007ffee4722000 	C:\WINDOWS\System32\SHCORE.dll
0x00007ffee4590000 - 0x00007ffee45f2000 	C:\WINDOWS\System32\shlwapi.dll
0x00007ffee1970000 - 0x00007ffee1999000 	C:\WINDOWS\SYSTEM32\profapi.dll
0x00007ffeb3af0000 - 0x00007ffeb3b08000 	c:\Users\MyBook Hype AMD\.vscode\extensions\redhat.java-1.46.0-win32-x64\jre\21.0.8-win32-x86_64\bin\zip.dll
0x00007ffeb7550000 - 0x00007ffeb7560000 	C:\Users\MyBook Hype AMD\.vscode\extensions\redhat.java-1.46.0-win32-x64\jre\21.0.8-win32-x86_64\bin\net.dll
0x00007ffeda110000 - 0x00007ffeda22f000 	C:\WINDOWS\SYSTEM32\WINHTTP.dll
0x00007ffee0d30000 - 0x00007ffee0d9b000 	C:\WINDOWS\system32\mswsock.dll
0x00007ffeb3390000 - 0x00007ffeb33a6000 	C:\Users\MyBook Hype AMD\.vscode\extensions\redhat.java-1.46.0-win32-x64\jre\21.0.8-win32-x86_64\bin\nio.dll
0x00007ffe8fec0000 - 0x00007ffe8fed0000 	c:\Users\MyBook Hype AMD\.vscode\extensions\redhat.java-1.46.0-win32-x64\jre\21.0.8-win32-x86_64\bin\verify.dll
0x00007ffe8f3d0000 - 0x00007ffe8f414000 	C:\Users\MyBook Hype AMD\AppData\Roaming\Code\User\globalStorage\redhat.java\1.46.0\config_win\org.eclipse.equinox.launcher\org.eclipse.equinox.launcher.win32.win32.x86_64_1.2.1400.v20250801-0854\eclipse_11916.dll
0x00007ffee32a0000 - 0x00007ffee3438000 	C:\WINDOWS\System32\ole32.dll
0x00007ffe9a0b0000 - 0x00007ffe9a0ba000 	C:\Users\MyBook Hype AMD\.vscode\extensions\redhat.java-1.46.0-win32-x64\jre\21.0.8-win32-x86_64\bin\management.dll
0x00007ffe953a0000 - 0x00007ffe953ab000 	C:\Users\MyBook Hype AMD\.vscode\extensions\redhat.java-1.46.0-win32-x64\jre\21.0.8-win32-x86_64\bin\management_ext.dll
0x00007ffee4270000 - 0x00007ffee4278000 	C:\WINDOWS\System32\PSAPI.DLL
0x00007ffee1110000 - 0x00007ffee112b000 	C:\WINDOWS\SYSTEM32\CRYPTSP.dll
0x00007ffee0740000 - 0x00007ffee077b000 	C:\WINDOWS\system32\rsaenh.dll
0x00007ffee0dd0000 - 0x00007ffee0dfb000 	C:\WINDOWS\SYSTEM32\USERENV.dll
0x00007ffee1940000 - 0x00007ffee1966000 	C:\WINDOWS\SYSTEM32\bcrypt.dll
0x00007ffee0f70000 - 0x00007ffee0f7c000 	C:\WINDOWS\SYSTEM32\CRYPTBASE.dll
0x00007ffee01e0000 - 0x00007ffee0214000 	C:\WINDOWS\SYSTEM32\IPHLPAPI.DLL
0x00007ffee3760000 - 0x00007ffee376a000 	C:\WINDOWS\System32\NSI.dll
0x00007ffe8cb40000 - 0x00007ffe8cb89000 	C:\Users\MyBook Hype AMD\AppData\Local\Temp\jna--873495991\jna17869003301185425851.dll
0x00007ffed8160000 - 0x00007ffed817e000 	C:\WINDOWS\SYSTEM32\dhcpcsvc6.DLL
0x00007ffed8130000 - 0x00007ffed8153000 	C:\WINDOWS\SYSTEM32\dhcpcsvc.DLL
0x00007ffeae440000 - 0x00007ffeae44e000 	C:\Users\MyBook Hype AMD\.vscode\extensions\redhat.java-1.46.0-win32-x64\jre\21.0.8-win32-x86_64\bin\sunmscapi.dll
0x00007ffee2200000 - 0x00007ffee2377000 	C:\WINDOWS\System32\CRYPT32.dll
0x00007ffee1260000 - 0x00007ffee1290000 	C:\WINDOWS\SYSTEM32\ncrypt.dll
0x00007ffee1210000 - 0x00007ffee124f000 	C:\WINDOWS\SYSTEM32\NTASN1.dll
0x00007ffee0220000 - 0x00007ffee0346000 	C:\WINDOWS\SYSTEM32\DNSAPI.dll
0x00007ffed42c0000 - 0x00007ffed42cb000 	C:\Windows\System32\rasadhlp.dll
0x00007ffed70c0000 - 0x00007ffed7146000 	C:\WINDOWS\System32\fwpuclnt.dll
0x00007ffeae430000 - 0x00007ffeae439000 	C:\Users\MyBook Hype AMD\.vscode\extensions\redhat.java-1.46.0-win32-x64\jre\21.0.8-win32-x86_64\bin\extnet.dll

JVMTI agents:
c:\Users\MyBook Hype AMD\.vscode\extensions\redhat.java-1.46.0-win32-x64\lombok\lombok-1.18.39-4050.jar path:c:\Users\MyBook Hype AMD\.vscode\extensions\redhat.java-1.46.0-win32-x64\jre\21.0.8-win32-x86_64\bin\instrument.dll, loaded, initialized, instrumentlib options:none

dbghelp: loaded successfully - version: 4.0.5 - missing functions: none
symbol engine: initialized successfully - sym options: 0x614 - pdb path: .;c:\Users\MyBook Hype AMD\.vscode\extensions\redhat.java-1.46.0-win32-x64\jre\21.0.8-win32-x86_64\bin;C:\WINDOWS\SYSTEM32;C:\WINDOWS\WinSxS\amd64_microsoft.windows.common-controls_6595b64144ccf1df_6.0.26100.6725_none_3e085828e334708b;c:\Users\MyBook Hype AMD\.vscode\extensions\redhat.java-1.46.0-win32-x64\jre\21.0.8-win32-x86_64\bin\server;C:\Users\MyBook Hype AMD\AppData\Roaming\Code\User\globalStorage\redhat.java\1.46.0\config_win\org.eclipse.equinox.launcher\org.eclipse.equinox.launcher.win32.win32.x86_64_1.2.1400.v20250801-0854;C:\Users\MyBook Hype AMD\AppData\Local\Temp\jna--873495991

VM Arguments:
jvm_args: --add-modules=ALL-SYSTEM --add-opens=java.base/java.util=ALL-UNNAMED --add-opens=java.base/java.lang=ALL-UNNAMED --add-opens=java.base/sun.nio.fs=ALL-UNNAMED -Declipse.application=org.eclipse.jdt.ls.core.id1 -Dosgi.bundles.defaultStartLevel=4 -Declipse.product=org.eclipse.jdt.ls.core.product -Djava.import.generatesMetadataFilesAtProjectRoot=false -DDetectVMInstallationsJob.disabled=true -Dfile.encoding=utf8 -XX:+UseParallelGC -XX:GCTimeRatio=4 -XX:AdaptiveSizePolicyWeight=90 -Dsun.zip.disableMemoryMapping=true -Xmx2G -Xms100m -Xlog:disable -javaagent:c:\Users\MyBook Hype AMD\.vscode\extensions\redhat.java-1.46.0-win32-x64\lombok\lombok-1.18.39-4050.jar -XX:+HeapDumpOnOutOfMemoryError -XX:HeapDumpPath=c:\Users\MyBook Hype AMD\AppData\Roaming\Code\User\workspaceStorage\643c3401141dc10bab918bdb0f370c65\redhat.java -Daether.dependencyCollector.impl=bf 
java_command: c:\Users\MyBook Hype AMD\.vscode\extensions\redhat.java-1.46.0-win32-x64\server\plugins\org.eclipse.equinox.launcher_1.7.0.v20250519-0528.jar -configuration c:\Users\MyBook Hype AMD\AppData\Roaming\Code\User\globalStorage\redhat.java\1.46.0\config_win -data c:\Users\MyBook Hype AMD\AppData\Roaming\Code\User\workspaceStorage\643c3401141dc10bab918bdb0f370c65\redhat.java\jdt_ws --pipe=\\.\pipe\lsp-152c54e4228dace0242babca73c790a7-sock
java_class_path (initial): c:\Users\MyBook Hype AMD\.vscode\extensions\redhat.java-1.46.0-win32-x64\server\plugins\org.eclipse.equinox.launcher_1.7.0.v20250519-0528.jar
Launcher Type: SUN_STANDARD

[Global flags]
    uintx AdaptiveSizePolicyWeight                 = 90                                        {product} {command line}
     intx CICompilerCount                          = 4                                         {product} {ergonomic}
    uintx GCTimeRatio                              = 4                                         {product} {command line}
     bool HeapDumpOnOutOfMemoryError               = true                                   {manageable} {command line}
    ccstr HeapDumpPath                             = c:\Users\MyBook Hype AMD\AppData\Roaming\Code\User\workspaceStorage\643c3401141dc10bab918bdb0f370c65\redhat.java         {manageable} {command line}
   size_t InitialHeapSize                          = 104857600                                 {product} {command line}
   size_t MaxHeapSize                              = 2147483648                                {product} {command line}
   size_t MaxNewSize                               = 715653120                                 {product} {ergonomic}
   size_t MinHeapDeltaBytes                        = 524288                                    {product} {ergonomic}
   size_t MinHeapSize                              = 104857600                                 {product} {command line}
   size_t NewSize                                  = 34603008                                  {product} {ergonomic}
    uintx NonNMethodCodeHeapSize                   = 5839372                                {pd product} {ergonomic}
    uintx NonProfiledCodeHeapSize                  = 122909434                              {pd product} {ergonomic}
   size_t OldSize                                  = 70254592                                  {product} {ergonomic}
    uintx ProfiledCodeHeapSize                     = 122909434                              {pd product} {ergonomic}
    uintx ReservedCodeCacheSize                    = 251658240                              {pd product} {ergonomic}
     bool SegmentedCodeCache                       = true                                      {product} {ergonomic}
   size_t SoftMaxHeapSize                          = 2147483648                             {manageable} {ergonomic}
     bool UseCompressedOops                        = true                           {product lp64_product} {ergonomic}
     bool UseLargePagesIndividualAllocation        = false                                  {pd product} {ergonomic}
     bool UseParallelGC                            = true                                      {product} {command line}

Logging:
Log output configuration:
 #0: stdout all=off uptime,level,tags foldmultilines=false
 #1: stderr all=off uptime,level,tags foldmultilines=false

Environment Variables:
JAVA_HOME=C:\jdk-21.0.5
PATH=C:\Python313\Scripts\;C:\Python313\;C:\Program Files\Common Files\Oracle\Java\javapath;C:\Program Files (x86)\Common Files\Oracle\Java\javapath;C:\WINDOWS\system32;C:\WINDOWS;C:\WINDOWS\System32\Wbem;C:\WINDOWS\System32\WindowsPowerShell\v1.0\;C:\WINDOWS\System32\OpenSSH\;C:\MinGW\bin;C:\Program Files\Git\cmd;C:\Program Files\dotnet\;C:\Program Files (x86)\Microsoft SQL Server\160\DTS\Binn\;C:\Program Files\Apache\maven\apache-maven-3.9.9\bin;C:\apache-maven-3.9.9\bin;C:\mingw64\bin;C:\ProgramData\chocolatey\bin;C:\Program Files\MySQL\MySQL Server 8.0\bin;C:\Program Files\nodejs\;C:\Users\MyBook Hype AMD\AppData\Local\pnpm;C:\Users\MyBook Hype AMD\AppData\Local\Programs\Microsoft VS Code\bin;C:\Users\MyBook Hype AMD\AppData\Local\Microsoft\WindowsApps;C:\Program Files\MySQL\MySQL Server 8.0\bin;C:\Users\MyBook Hype AMD\AppData\Roaming\npm
USERNAME=MyBook Hype AMD
OS=Windows_NT
PROCESSOR_IDENTIFIER=AMD64 Family 23 Model 104 Stepping 1, AuthenticAMD
TMP=C:\Users\MYBOOK~1\AppData\Local\Temp
TEMP=C:\Users\MYBOOK~1\AppData\Local\Temp




Periodic native trim disabled

---------------  S Y S T E M  ---------------

OS:
 Windows 11 , 64 bit Build 26100 (10.0.26100.6725)
OS uptime: 0 days 3:59 hours
Hyper-V role detected

CPU: total 12 (initial active 12) (12 cores per cpu, 2 threads per core) family 23 model 104 stepping 1 microcode 0x8608107, cx8, cmov, fxsr, ht, mmx, 3dnowpref, sse, sse2, sse3, ssse3, sse4a, sse4.1, sse4.2, popcnt, lzcnt, tsc, tscinvbit, avx, avx2, aes, clmul, bmi1, bmi2, adx, sha, fma, vzeroupper, clflush, clflushopt, hv, rdtscp, rdpid, f16c
Processor Information for the first 12 processors :
  Max Mhz: 2100, Current Mhz: 1988, Mhz Limit: 2100

Memory: 4k page, system-wide physical 7560M (665M free)
TotalPageFile size 26732M (AvailPageFile size 1M)
current process WorkingSet (physical memory assigned to process): 213M, peak: 1065M
current process commit charge ("private bytes"): 1081M, peak: 1692M

vm_info: OpenJDK 64-Bit Server VM (21.0.8+9-LTS) for windows-amd64 JRE (21.0.8+9-LTS), built on 2025-07-15T00:00:00Z by "admin" with MS VC++ 17.7 (VS2022)

END.
